g:\c++\myshow\myshow\debug\vc140.pdb
g:\c++\myshow\myshow\debug\myshow.obj
g:\c++\myshow\myshow\debug\main.obj
g:\c++\myshow\myshow\debug\moc_myshow.obj
g:\c++\myshow\myshow\debug\qrc_myshow.obj
g:\c++\myshow\myshow\generatedfiles\debug\moc_myshow.cpp
g:\c++\myshow\myshow\generatedfiles\ui_myshow.h
g:\c++\myshow\myshow\generatedfiles\qrc_myshow.cpp
g:\c++\myshow\win32\debug\myshow.pdb
g:\c++\myshow\myshow\debug\myshow.tlog\cl.command.1.tlog
g:\c++\myshow\myshow\debug\myshow.tlog\cl.read.1.tlog
g:\c++\myshow\myshow\debug\myshow.tlog\cl.write.1.tlog
g:\c++\myshow\myshow\debug\myshow.tlog\custombuild.command.1.tlog
g:\c++\myshow\myshow\debug\myshow.tlog\custombuild.read.1.tlog
g:\c++\myshow\myshow\debug\myshow.tlog\custombuild.write.1.tlog
g:\c++\myshow\myshow\debug\myshow.tlog\link-cvtres.read.1.tlog
g:\c++\myshow\myshow\debug\myshow.tlog\link-cvtres.write.1.tlog
g:\c++\myshow\myshow\debug\myshow.tlog\link-rc.read.1.tlog
g:\c++\myshow\myshow\debug\myshow.tlog\link-rc.write.1.tlog
g:\c++\myshow\myshow\debug\myshow.tlog\link.command.1.tlog
g:\c++\myshow\myshow\debug\myshow.tlog\link.read.1.tlog
g:\c++\myshow\myshow\debug\myshow.tlog\link.write.1.tlog
